<?xml version="1.0" encoding="UTF-8"?>
<!-- Generated by org.testng.reporters.JUnitXMLReporter -->
<testsuite ignored="0" hostname="LAPTOP-5L00RV6H" failures="0" tests="6" name="Default test" time="8.699" errors="0" timestamp="2022-10-09T23:42:59 CEST">
  <testcase classname="tests.LoginTests" name="VisitsTheLoginPage" time="0.787"/>
  <testcase classname="tests.LoginTests" name="ChecksInputTypes" time="0.365"/>
  <testcase classname="tests.LoginTests" name="DisplaysErrorsWhenPasswordIsWrong" time="0.002"/>
  <testcase classname="tests.LoginTests" name="DisplaysErrorsWhenUserDoesNotExist" time="0.001"/>
  <testcase classname="tests.LoginTests" name="Login" time="1.63"/>
  <testcase classname="tests.LoginTests" name="Logout" time="0.121"/>
</testsuite> <!-- Default test -->
