<?xml version="1.0" encoding="UTF-8"?>
<!-- Generated by org.testng.reporters.JUnitXMLReporter -->
<testsuite ignored="0" hostname="LAPTOP-5L00RV6H" failures="0" tests="4" name="Default test" time="6.724" errors="0" timestamp="2022-10-10T21:47:54 CEST">
  <testcase classname="tests.AuthRoutesTests" name="ForbidsVisitsToAdminCitiesUrlIfNotAuthenticated" time="0.561"/>
  <testcase classname="tests.AuthRoutesTests" name="ForbidsVisitsToAdminUsersUrlIfNotAuthenticated" time="0.457"/>
  <testcase classname="tests.AuthRoutesTests" name="ForbidsVisitsToHomeUrlIfNotAuthenticated" time="0.537"/>
  <testcase classname="tests.AuthRoutesTests" name="ForbidsVisitsToProfileUrlIfNotAuthenticated" time="0.481"/>
</testsuite> <!-- Default test -->
