<?xml version="1.0" encoding="UTF-8"?>
<testng-results ignored="0" total="4" passed="4" failed="0" skipped="0">
  <reporter-output>
  </reporter-output>
  <suite started-at="2022-10-10T15:08:30 CEST" name="Default suite" finished-at="2022-10-10T15:08:39 CEST" duration-ms="9623">
    <groups>
    </groups>
    <test started-at="2022-10-10T15:08:30 CEST" name="Default test" finished-at="2022-10-10T15:08:39 CEST" duration-ms="9623">
      <class name="tests.SignupTests">
        <test-method is-config="true" signature="beforeClass()[pri:0, instance:tests.SignupTests@62150f9e]" started-at="2022-10-10T15:08:30 CEST" name="beforeClass" finished-at="2022-10-10T15:08:32 CEST" duration-ms="2536" status="PASS">
          <reporter-output>
          </reporter-output>
        </test-method> <!-- beforeClass -->
        <test-method is-config="true" signature="beforeMethod()[pri:0, instance:tests.SignupTests@62150f9e]" started-at="2022-10-10T15:08:32 CEST" name="beforeMethod" finished-at="2022-10-10T15:08:34 CEST" duration-ms="1364" status="PASS">
          <reporter-output>
          </reporter-output>
        </test-method> <!-- beforeMethod -->
        <test-method signature="ChecksInputTypes()[pri:0, instance:tests.SignupTests@62150f9e]" started-at="2022-10-10T15:08:34 CEST" name="ChecksInputTypes" finished-at="2022-10-10T15:08:34 CEST" duration-ms="570" status="PASS">
          <reporter-output>
          </reporter-output>
        </test-method> <!-- ChecksInputTypes -->
        <test-method is-config="true" signature="afterMethod()[pri:0, instance:tests.SignupTests@62150f9e]" started-at="2022-10-10T15:08:34 CEST" name="afterMethod" finished-at="2022-10-10T15:08:34 CEST" duration-ms="0" status="PASS">
          <reporter-output>
          </reporter-output>
        </test-method> <!-- afterMethod -->
        <test-method is-config="true" signature="beforeMethod()[pri:0, instance:tests.SignupTests@62150f9e]" started-at="2022-10-10T15:08:34 CEST" name="beforeMethod" finished-at="2022-10-10T15:08:35 CEST" duration-ms="480" status="PASS">
          <reporter-output>
          </reporter-output>
        </test-method> <!-- beforeMethod -->
        <test-method signature="DisplaysErrorsWhenUserAlreadyExists()[pri:0, instance:tests.SignupTests@62150f9e]" started-at="2022-10-10T15:08:35 CEST" name="DisplaysErrorsWhenUserAlreadyExists" finished-at="2022-10-10T15:08:36 CEST" duration-ms="1805" status="PASS">
          <reporter-output>
          </reporter-output>
        </test-method> <!-- DisplaysErrorsWhenUserAlreadyExists -->
        <test-method is-config="true" signature="afterMethod()[pri:0, instance:tests.SignupTests@62150f9e]" started-at="2022-10-10T15:08:36 CEST" name="afterMethod" finished-at="2022-10-10T15:08:36 CEST" duration-ms="1" status="PASS">
          <reporter-output>
          </reporter-output>
        </test-method> <!-- afterMethod -->
        <test-method is-config="true" signature="beforeMethod()[pri:0, instance:tests.SignupTests@62150f9e]" started-at="2022-10-10T15:08:36 CEST" name="beforeMethod" finished-at="2022-10-10T15:08:37 CEST" duration-ms="361" status="PASS">
          <reporter-output>
          </reporter-output>
        </test-method> <!-- beforeMethod -->
        <test-method signature="Signup()[pri:0, instance:tests.SignupTests@62150f9e]" started-at="2022-10-10T15:08:37 CEST" name="Signup" finished-at="2022-10-10T15:08:39 CEST" duration-ms="1663" status="PASS">
          <reporter-output>
          </reporter-output>
        </test-method> <!-- Signup -->
        <test-method is-config="true" signature="afterMethod()[pri:0, instance:tests.SignupTests@62150f9e]" started-at="2022-10-10T15:08:39 CEST" name="afterMethod" finished-at="2022-10-10T15:08:39 CEST" duration-ms="1" status="PASS">
          <reporter-output>
          </reporter-output>
        </test-method> <!-- afterMethod -->
        <test-method is-config="true" signature="beforeMethod()[pri:0, instance:tests.SignupTests@62150f9e]" started-at="2022-10-10T15:08:39 CEST" name="beforeMethod" finished-at="2022-10-10T15:08:39 CEST" duration-ms="426" status="PASS">
          <reporter-output>
          </reporter-output>
        </test-method> <!-- beforeMethod -->
        <test-method signature="VisitTheSignupPage()[pri:0, instance:tests.SignupTests@62150f9e]" started-at="2022-10-10T15:08:39 CEST" name="VisitTheSignupPage" finished-at="2022-10-10T15:08:39 CEST" duration-ms="109" status="PASS">
          <reporter-output>
          </reporter-output>
        </test-method> <!-- VisitTheSignupPage -->
        <test-method is-config="true" signature="afterMethod()[pri:0, instance:tests.SignupTests@62150f9e]" started-at="2022-10-10T15:08:39 CEST" name="afterMethod" finished-at="2022-10-10T15:08:39 CEST" duration-ms="1" status="PASS">
          <reporter-output>
          </reporter-output>
        </test-method> <!-- afterMethod -->
        <test-method is-config="true" signature="afterClass()[pri:0, instance:tests.SignupTests@62150f9e]" started-at="2022-10-10T15:08:39 CEST" name="afterClass" finished-at="2022-10-10T15:08:39 CEST" duration-ms="242" status="PASS">
          <reporter-output>
          </reporter-output>
        </test-method> <!-- afterClass -->
      </class> <!-- tests.SignupTests -->
    </test> <!-- Default test -->
  </suite> <!-- Default suite -->
</testng-results>
